<?xml version="1.0" encoding="UTF-8"?>
<testsuite xmlns:xsi="http://www.w3.org/2001/XMLSchema-instance" xsi:noNamespaceSchemaLocation="https://maven.apache.org/surefire/maven-surefire-plugin/xsd/surefire-test-report.xsd" version="3.0.2" name="stage.aratus.inventaire_back.InventaireBackApplicationTests" time="13.608" tests="1" errors="0" skipped="0" failures="0">
  <properties>
[...]
</properties>
  <testcase name="contextLoads" classname="stage.aratus.inventaire_back.InventaireBackApplicationTests" time="1.328">
    <system-out><![CDATA[09:54:23.075 [main] INFO org.springframework.test.context.support.AnnotationConfigContextLoaderUtils -- Could not detect default configuration classes for test class [stage.aratus.inventaire_back.InventaireBackApplicationTests]: InventaireBackApplicationTests does not declare any static, non-private, non-final, nested classes annotated with @Configuration.
09:54:23.580 [main] INFO org.springframework.boot.test.context.SpringBootTestContextBootstrapper -- Found @SpringBootConfiguration stage.aratus.inventaire_back.InventaireBackApplication for test class stage.aratus.inventaire_back.InventaireBackApplicationTests

  .   ____          _            __ _ _
 /\\ / ___'_ __ _ _(_)_ __  __ _ \ \ \ \
( ( )\___ | '_ | '_| | '_ \/ _` | \ \ \ \
 \\/  ___)| |_)| | | | | || (_| |  ) ) ) )
  '  |____| .__|_| |_|_| |_\__, | / / / /
 =========|_|==============|___/=/_/_/_/

 :: Spring Boot ::                (v3.4.1)

2025-01-22T09:54:24.906-04:00  INFO 8196 --- [inventory-db] [           main] s.a.i.InventaireBackApplicationTests     : Starting InventaireBackApplicationTests using Java 23 with PID 8196 (started by Administrateur in C:\stage\inventaire-back)
2025-01-22T09:54:24.908-04:00  INFO 8196 --- [inventory-db] [           main] s.a.i.InventaireBackApplicationTests     : No active profile set, falling back to 1 default profile: "default"
2025-01-22T09:54:26.739-04:00  INFO 8196 --- [inventory-db] [           main] .s.d.r.c.RepositoryConfigurationDelegate : Multiple Spring Data modules found, entering strict repository configuration mode
2025-01-22T09:54:26.741-04:00  INFO 8196 --- [inventory-db] [           main] .s.d.r.c.RepositoryConfigurationDelegate : Bootstrapping Spring Data JDBC repositories in DEFAULT mode.
2025-01-22T09:54:26.791-04:00  INFO 8196 --- [inventory-db] [           main] .RepositoryConfigurationExtensionSupport : Spring Data JDBC - Could not safely identify store assignment for repository candidate interface stage.aratus.inventaire_back.ProductRepository; If you want this repository to be a JDBC repository, consider annotating your entities with one of these annotations: org.springframework.data.relational.core.mapping.Table.
2025-01-22T09:54:26.794-04:00  INFO 8196 --- [inventory-db] [           main] .s.d.r.c.RepositoryConfigurationDelegate : Finished Spring Data repository scanning in 42 ms. Found 0 JDBC repository interfaces.
2025-01-22T09:54:26.832-04:00  INFO 8196 --- [inventory-db] [           main] .s.d.r.c.RepositoryConfigurationDelegate : Multiple Spring Data modules found, entering strict repository configuration mode
2025-01-22T09:54:26.834-04:00  INFO 8196 --- [inventory-db] [           main] .s.d.r.c.RepositoryConfigurationDelegate : Bootstrapping Spring Data JPA repositories in DEFAULT mode.
2025-01-22T09:54:26.977-04:00  INFO 8196 --- [inventory-db] [           main] .s.d.r.c.RepositoryConfigurationDelegate : Finished Spring Data repository scanning in 132 ms. Found 1 JPA repository interface.
2025-01-22T09:54:28.052-04:00  INFO 8196 --- [inventory-db] [           main] o.hibernate.jpa.internal.util.LogHelper  : HHH000204: Processing PersistenceUnitInfo [name: default]
2025-01-22T09:54:28.250-04:00  INFO 8196 --- [inventory-db] [           main] org.hibernate.Version                    : HHH000412: Hibernate ORM core version 6.6.4.Final
2025-01-22T09:54:28.355-04:00  INFO 8196 --- [inventory-db] [           main] o.h.c.internal.RegionFactoryInitiator    : HHH000026: Second-level cache disabled
2025-01-22T09:54:29.467-04:00  INFO 8196 --- [inventory-db] [           main] o.s.o.j.p.SpringPersistenceUnitInfo      : No LoadTimeWeaver setup: ignoring JPA class transformer
2025-01-22T09:54:29.647-04:00  INFO 8196 --- [inventory-db] [           main] com.zaxxer.hikari.HikariDataSource       : HikariPool-1 - Starting...
2025-01-22T09:54:29.922-04:00  INFO 8196 --- [inventory-db] [           main] com.zaxxer.hikari.pool.HikariPool        : HikariPool-1 - Added connection org.mariadb.jdbc.Connection@77ce88c4
2025-01-22T09:54:29.926-04:00  INFO 8196 --- [inventory-db] [           main] com.zaxxer.hikari.HikariDataSource       : HikariPool-1 - Start completed.
2025-01-22T09:54:30.004-04:00  WARN 8196 --- [inventory-db] [           main] org.hibernate.orm.deprecation            : HHH90000025: MySQLDialect does not need to be specified explicitly using 'hibernate.dialect' (remove the property setting and it will be selected by default)
2025-01-22T09:54:30.057-04:00  INFO 8196 --- [inventory-db] [           main] org.hibernate.orm.connections.pooling    : HHH10001005: Database info:
	Database JDBC URL [Connecting through datasource 'HikariDataSource (HikariPool-1)']
	Database driver: undefined/unknown
	Database version: 11.5.2
	Autocommit mode: undefined/unknown
	Isolation level: undefined/unknown
	Minimum pool size: undefined/unknown
	Maximum pool size: undefined/unknown
2025-01-22T09:54:31.913-04:00  INFO 8196 --- [inventory-db] [           main] o.h.m.i.EntityInstantiatorPojoStandard   : HHH000182: No default (no-argument) constructor for class: stage.aratus.inventaire_back.Product (class must be instantiated by Interceptor)
2025-01-22T09:54:32.239-04:00  INFO 8196 --- [inventory-db] [           main] o.h.e.t.j.p.i.JtaPlatformInitiator       : HHH000489: No JTA platform available (set 'hibernate.transaction.jta.platform' to enable JTA platform integration)
2025-01-22T09:54:32.427-04:00  INFO 8196 --- [inventory-db] [           main] j.LocalContainerEntityManagerFactoryBean : Initialized JPA EntityManagerFactory for persistence unit 'default'
2025-01-22T09:54:33.491-04:00  WARN 8196 --- [inventory-db] [           main] JpaBaseConfiguration$JpaWebConfiguration : spring.jpa.open-in-view is enabled by default. Therefore, database queries may be performed during view rendering. Explicitly configure spring.jpa.open-in-view to disable this warning
2025-01-22T09:54:34.664-04:00  INFO 8196 --- [inventory-db] [           main] s.a.i.InventaireBackApplicationTests     : Started InventaireBackApplicationTests in 10.662 seconds (process running for 13.707)
]]></system-out>
    <system-err><![CDATA[Mockito is currently self-attaching to enable the inline-mock-maker. This will no longer work in future releases of the JDK. Please add Mockito as an agent to your build what is described in Mockito's documentation: https://javadoc.io/doc/org.mockito/mockito-core/latest/org/mockito/Mockito.html#0.3
WARNING: A Java agent has been loaded dynamically (C:\Users\Administrateur\.m2\repository\net\bytebuddy\byte-buddy-agent\1.15.11\byte-buddy-agent-1.15.11.jar)
WARNING: If a serviceability tool is in use, please run with -XX:+EnableDynamicAgentLoading to hide this warning
WARNING: If a serviceability tool is not in use, please run with -Djdk.instrument.traceUsage for more information
WARNING: Dynamic loading of agents will be disallowed by default in a future release
]]></system-err>
  </testcase>
</testsuite>